<?xml version="1.0" encoding="UTF-8"?>
<!-- Generated by org.testng.reporters.JUnitReportReporter -->
<testsuite skipped="0" hostname="OCAUTO403" name="Scripts.TC1" tests="1" failures="0" timestamp="08 May 2019 12:54:08 GMT" time="51.023" errors="0">
  <testcase name="testLogin" time="51.023" classname="Scripts.TC1"/>
</testsuite> <!-- Scripts.TC1 -->
