<?xml version="1.0" encoding="UTF-8"?>
<!-- Generated by org.testng.reporters.JUnitReportReporter -->
<testsuite skipped="0" hostname="OCAUTO403" name="config.StartBrowser" tests="1" failures="0" timestamp="07 May 2019 08:58:53 GMT" time="0.858" errors="0">
  <testcase name="SampleBrowser" time="0.858" classname="config.StartBrowser"/>
</testsuite> <!-- config.StartBrowser -->
